This is pdfTeX, Version 3.141592653-2.6-1.40.23 (MiKTeX 21.8) (preloaded format=pdflatex 2021.9.28)  29 SEP 2021 09:24
entering extended mode
**"C:/Users/daniel/OneDrive/Documents/GitHub/COVID-Tracking-Biola-Summer/Feedba
ck Conference Paper/sample.tex"

(C:/Users/daniel/OneDrive/Documents/GitHub/COVID-Tracking-Biola-Summer/Feedback
 Conference Paper/sample.tex
LaTeX2e <2021-06-01> patch level 1
L3 programming layer <2021-08-27>
(C:\Users\daniel\AppData\Local\Programs\MiKTeX\tex/latex/base\article.cls
Document Class: article 2021/02/12 v1.4n Standard LaTeX document class
(C:\Users\daniel\AppData\Local\Programs\MiKTeX\tex/latex/base\size10.clo
File: size10.clo 2021/02/12 v1.4n Standard LaTeX file (size option)
)
\c@part=\count182
\c@section=\count183
\c@subsection=\count184
\c@subsubsection=\count185
\c@paragraph=\count186
\c@subparagraph=\count187
\c@figure=\count188
\c@table=\count189
\abovecaptionskip=\skip47
\belowcaptionskip=\skip48
\bibindent=\dimen138
)
(C:\Users\daniel\AppData\Local\Programs\MiKTeX\tex/latex/graphics\epsfig.sty
Package: epsfig 2017/06/25 v1.7b (e)psfig emulation (SPQR)

(C:\Users\daniel\AppData\Local\Programs\MiKTeX\tex/latex/graphics\graphicx.sty
Package: graphicx 2020/12/05 v1.2c Enhanced LaTeX Graphics (DPC,SPQR)

(C:\Users\daniel\AppData\Local\Programs\MiKTeX\tex/latex/graphics\keyval.sty
Package: keyval 2014/10/28 v1.15 key=value parser (DPC)
\KV@toks@=\toks16
)
(C:\Users\daniel\AppData\Local\Programs\MiKTeX\tex/latex/graphics\graphics.sty
Package: graphics 2021/03/04 v1.4d Standard LaTeX Graphics (DPC,SPQR)

(C:\Users\daniel\AppData\Local\Programs\MiKTeX\tex/latex/graphics\trig.sty
Package: trig 2016/01/03 v1.10 sin cos tan (DPC)
)
(C:\Users\daniel\AppData\Local\Programs\MiKTeX\tex/latex/graphics-cfg\graphics.
cfg
File: graphics.cfg 2016/06/04 v1.11 sample graphics configuration
)
Package graphics Info: Driver file: pdftex.def on input line 107.

(C:\Users\daniel\AppData\Local\Programs\MiKTeX\tex/latex/graphics-def\pdftex.de
f
File: pdftex.def 2020/10/05 v1.2a Graphics/color driver for pdftex
))
\Gin@req@height=\dimen139
\Gin@req@width=\dimen140
)
\epsfxsize=\dimen141
\epsfysize=\dimen142
)
(C:\Users\daniel\AppData\Local\Programs\MiKTeX\tex/latex/l3backend\l3backend-pd
ftex.def
File: l3backend-pdftex.def 2021-08-04 L3 backend support: PDF output (pdfTeX)
\l__color_backend_stack_int=\count190
\l__pdf_internal_box=\box50
)
No file sample.aux.
\openout1 = `sample.aux'.

LaTeX Font Info:    Checking defaults for OML/cmm/m/it on input line 19.
LaTeX Font Info:    ... okay on input line 19.
LaTeX Font Info:    Checking defaults for OMS/cmsy/m/n on input line 19.
LaTeX Font Info:    ... okay on input line 19.
LaTeX Font Info:    Checking defaults for OT1/cmr/m/n on input line 19.
LaTeX Font Info:    ... okay on input line 19.
LaTeX Font Info:    Checking defaults for T1/cmr/m/n on input line 19.
LaTeX Font Info:    ... okay on input line 19.
LaTeX Font Info:    Checking defaults for TS1/cmr/m/n on input line 19.
LaTeX Font Info:    ... okay on input line 19.
LaTeX Font Info:    Checking defaults for OMX/cmex/m/n on input line 19.
LaTeX Font Info:    ... okay on input line 19.
LaTeX Font Info:    Checking defaults for U/cmr/m/n on input line 19.
LaTeX Font Info:    ... okay on input line 19.

(C:\Users\daniel\AppData\Local\Programs\MiKTeX\tex/context/base/mkii\supp-pdf.m
kii
[Loading MPS to PDF converter (version 2006.09.02).]
\scratchcounter=\count191
\scratchdimen=\dimen143
\scratchbox=\box51
\nofMPsegments=\count192
\nofMParguments=\count193
\everyMPshowfont=\toks17
\MPscratchCnt=\count194
\MPscratchDim=\dimen144
\MPnumerator=\count195
\makeMPintoPDFobject=\count196
\everyMPtoPDFconversion=\toks18
)
(C:\Users\daniel\AppData\Local\Programs\MiKTeX\tex/latex/epstopdf-pkg\epstopdf-
base.sty
Package: epstopdf-base 2020-01-24 v2.11 Base part for package epstopdf
Package epstopdf-base Info: Redefining graphics rule for `.eps' on input line 4
85.

(C:\Users\daniel\AppData\Local\Programs\MiKTeX\tex/latex/00miktex\epstopdf-sys.
cfg
File: epstopdf-sys.cfg 2021/03/18 v2.0 Configuration of epstopdf for MiKTeX
))
LaTeX Font Info:    External font `cmex10' loaded for size
(Font)              <17.28> on input line 24.
LaTeX Font Info:    External font `cmex10' loaded for size
(Font)              <12> on input line 24.
LaTeX Font Info:    External font `cmex10' loaded for size
(Font)              <8> on input line 24.
LaTeX Font Info:    External font `cmex10' loaded for size
(Font)              <6> on input line 24.
LaTeX Font Info:    External font `cmex10' loaded for size
(Font)              <9> on input line 27.
LaTeX Font Info:    External font `cmex10' loaded for size
(Font)              <5> on input line 27.


LaTeX Warning: Citation `go-mi-sa:latex' on page 1 undefined on input line 64.


LaTeX Warning: Reference `cosequation' on page 1 undefined on input line 80.

[1

{C:/Users/daniel/AppData/Local/MiKTeX/pdftex/config/pdftex.map}]

LaTeX Warning: File `fig.eps' not found on input line 108.

Package epstopdf Info: Source file: <fig.eps>
(epstopdf)             Output file: <fig-eps-converted-to.pdf>
(epstopdf)             Command: <miktex-epstopdf --outfile=fig-eps-converted-to
.pdf fig.eps>
(epstopdf)             \includegraphics on input line 108.
Package epstopdf Info: Output file is already uptodate.

! Package pdftex.def Error: File `fig-eps-converted-to.pdf' not found: using dr
aft setting.

See the pdftex.def package documentation for explanation.
Type  H <return>  for immediate help.
 ...                                              
                                                  
l.108 \hfil\epsfig{file=fig.eps, width=4in}
                                           \hfil
? 

LaTeX Warning: Reference `figlabel' on page 2 undefined on input line 114.


LaTeX Warning: Citation `go-mi-sa:latex' on page 2 undefined on input line 126.


[2]
No file sample.bbl.
[3] (sample.aux)

LaTeX Warning: There were undefined references.


LaTeX Warning: Label(s) may have changed. Rerun to get cross-references right.

 ) 
Here is how much of TeX's memory you used:
 1323 strings out of 478927
 20742 string characters out of 2852061
 320457 words of memory out of 3000000
 19194 multiletter control sequences out of 15000+600000
 410229 words of font info for 50 fonts, out of 8000000 for 9000
 1141 hyphenation exceptions out of 8191
 72i,7n,80p,324b,257s stack positions out of 5000i,500n,10000p,200000b,80000s
 <C:\Users\daniel\AppData\Local\MiKTeX\fonts/pk/ljfour/jknappen/ec/dpi600\tcr
m0900.pk><C:/Users/daniel/AppData/Local/Programs/MiKTeX/fonts/type1/public/amsf
onts/cm/cmbx12.pfb><C:/Users/daniel/AppData/Local/Programs/MiKTeX/fonts/type1/p
ublic/amsfonts/cm/cmbx9.pfb><C:/Users/daniel/AppData/Local/Programs/MiKTeX/font
s/type1/public/amsfonts/cm/cmex10.pfb><C:/Users/daniel/AppData/Local/Programs/M
iKTeX/fonts/type1/public/amsfonts/cm/cmmi6.pfb><C:/Users/daniel/AppData/Local/P
rograms/MiKTeX/fonts/type1/public/amsfonts/cm/cmmi9.pfb><C:/Users/daniel/AppDat
a/Local/Programs/MiKTeX/fonts/type1/public/amsfonts/cm/cmr10.pfb><C:/Users/dani
el/AppData/Local/Programs/MiKTeX/fonts/type1/public/amsfonts/cm/cmr12.pfb><C:/U
sers/daniel/AppData/Local/Programs/MiKTeX/fonts/type1/public/amsfonts/cm/cmr17.
pfb><C:/Users/daniel/AppData/Local/Programs/MiKTeX/fonts/type1/public/amsfonts/
cm/cmr6.pfb><C:/Users/daniel/AppData/Local/Programs/MiKTeX/fonts/type1/public/a
msfonts/cm/cmr9.pfb><C:/Users/daniel/AppData/Local/Programs/MiKTeX/fonts/type1/
public/amsfonts/cm/cmsy9.pfb><C:/Users/daniel/AppData/Local/Programs/MiKTeX/fon
ts/type1/public/amsfonts/cm/cmti9.pfb><C:/Users/daniel/AppData/Local/Programs/M
iKTeX/fonts/type1/public/amsfonts/cm/cmtt10.pfb><C:/Users/daniel/AppData/Local/
Programs/MiKTeX/fonts/type1/public/amsfonts/cm/cmtt9.pfb>
Output written on sample.pdf (3 pages, 178189 bytes).
PDF statistics:
 88 PDF objects out of 1000 (max. 8388607)
 0 named destinations out of 1000 (max. 500000)
 1 words of extra memory for PDF output out of 10000 (max. 10000000)

